<?xml version="1.0" encoding="UTF-8"?>
<!-- Generated by org.testng.reporters.JUnitReportReporter -->
<testsuite skipped="0" hostname="BLT025" name="com.cts.test.LoginTest" tests="1" failures="0" timestamp="2020-03-16T18:01:47 IST" time="18.936" errors="0">
  <testcase name="validCredentialTest" time="18.936" classname="com.cts.test.LoginTest"/>
</testsuite> <!-- com.cts.test.LoginTest -->
